"../../../TransmissionLost/Content/2DSideScroller/Textures/2DCharacter_IdleAnimAtlas.uasset" 0
"../../../TransmissionLost/Content/2DSideScroller/Sprites/IdleFrames/IdleCycle1.uasset" 1
"../../../TransmissionLost/Content/2DSideScroller/Sprites/IdleFrames/IdleCycle2.uasset" 2
"../../../TransmissionLost/Content/2DSideScroller/Sprites/IdleFrames/IdleCycle3.uasset" 3
"../../../TransmissionLost/Content/2DSideScroller/Sprites/IdleFrames/IdleCycle4.uasset" 4
"../../../TransmissionLost/Content/2DSideScroller/Sprites/IdleFrames/IdleCycle5.uasset" 5
"../../../TransmissionLost/Content/2DSideScroller/Sprites/IdleFrames/IdleCycle6.uasset" 6
"../../../TransmissionLost/Content/2DSideScroller/Sprites/IdleFrames/IdleCycle7.uasset" 7
"../../../TransmissionLost/Content/2DSideScroller/Sprites/IdleFrames/IdleCycle8.uasset" 8
"../../../TransmissionLost/Content/2DSideScroller/Sprites/IdleAnimation.uasset" 9
"../../../TransmissionLost/Content/2DSideScroller/Textures/2DBackgroundTile.uasset" 10
"../../../TransmissionLost/Content/2DSideScroller/Materials/PrototypingSpriteMaterial.uasset" 11
"../../../TransmissionLost/Content/2DSideScroller/Sprites/PrototypingSprite.uasset" 12
"../../../TransmissionLost/Content/2DSideScroller/Textures/2DCharacter_RunAnimAtlas.uasset" 13
"../../../TransmissionLost/Content/2DSideScroller/Sprites/RunFrames/RunCycle_1.uasset" 14
"../../../TransmissionLost/Content/2DSideScroller/Sprites/RunFrames/RunCycle_10.uasset" 15
"../../../TransmissionLost/Content/2DSideScroller/Sprites/RunFrames/RunCycle_11.uasset" 16
"../../../TransmissionLost/Content/2DSideScroller/Sprites/RunFrames/RunCycle_12.uasset" 17
"../../../TransmissionLost/Content/2DSideScroller/Sprites/RunFrames/RunCycle_13.uasset" 18
"../../../TransmissionLost/Content/2DSideScroller/Sprites/RunFrames/RunCycle_14.uasset" 19
"../../../TransmissionLost/Content/2DSideScroller/Sprites/RunFrames/RunCycle_15.uasset" 20
"../../../TransmissionLost/Content/2DSideScroller/Sprites/RunFrames/RunCycle_16.uasset" 21
"../../../TransmissionLost/Content/2DSideScroller/Sprites/RunFrames/RunCycle_2.uasset" 22
"../../../TransmissionLost/Content/2DSideScroller/Sprites/RunFrames/RunCycle_3.uasset" 23
"../../../TransmissionLost/Content/2DSideScroller/Sprites/RunFrames/RunCycle_4.uasset" 24
"../../../TransmissionLost/Content/2DSideScroller/Sprites/RunFrames/RunCycle_5.uasset" 25
"../../../TransmissionLost/Content/2DSideScroller/Sprites/RunFrames/RunCycle_6.uasset" 26
"../../../TransmissionLost/Content/2DSideScroller/Sprites/RunFrames/RunCycle_7.uasset" 27
"../../../TransmissionLost/Content/2DSideScroller/Sprites/RunFrames/RunCycle_8.uasset" 28
"../../../TransmissionLost/Content/2DSideScroller/Sprites/RunFrames/RunCycle_9.uasset" 29
"../../../TransmissionLost/Content/2DSideScroller/Sprites/RunningAnimation.uasset" 30
"../../../TransmissionLost/Content/2DSideScrollerBP/source/alienworld_tileset.uasset" 31
"../../../TransmissionLost/Content/2DSideScrollerBP/source/Alienworld_background.uasset" 32
"../../../TransmissionLost/Content/2DSideScrollerBP/source/Alienworld_background_spire.uasset" 33
"../../../TransmissionLost/Content/2DSideScrollerBP/source/Alienworld_platform_mid_top_grass1.uasset" 34
"../../../TransmissionLost/Content/2DSideScrollerBP/source/Alienworld_platform_mid_top_moon.uasset" 35
"../../../TransmissionLost/Content/2DSideScrollerBP/source/Alienworld_spire_bottom.uasset" 36
"../../../TransmissionLost/Content/2DSideScrollerBP/source/Alienworld_spire_top.uasset" 37
"../../../TransmissionLost/Content/2DSideScrollerBP/source/alienworld_tileset_bg_left_top_convex.uasset" 38
"../../../TransmissionLost/Content/2DSideScrollerBP/source/alienworld_tileset_bg_right_top_convex.uasset" 39
"../../../TransmissionLost/Content/2DSideScrollerBP/source/alienworld_tileset_grass2.uasset" 40
"../../../TransmissionLost/Content/2DSideScrollerBP/source/alienworld_tileset_Sprite1.uasset" 41
"../../../TransmissionLost/Content/2DSideScrollerBP/source/alienworld_tileset_Sprite2.uasset" 42
"../../../TransmissionLost/Content/2DSideScrollerBP/source/alienworld_tileset_Sprite4.uasset" 43
"../../../TransmissionLost/Content/2DSideScrollerBP/source/alienworld_blackBlob10.uasset" 44
"../../../TransmissionLost/Content/2DSideScrollerBP/source/alienworld_blackBlob6.uasset" 45
"../../../TransmissionLost/Content/2DSideScrollerBP/source/alienworld_blackBlob7.uasset" 46
"../../../TransmissionLost/Content/2DSideScrollerBP/source/alienworld_blackBlob8.uasset" 47
"../../../TransmissionLost/Content/2DSideScrollerBP/source/alienworld_blackBlob9.uasset" 48
"../../../TransmissionLost/Content/2DSideScrollerBP/source/Anim_blackBlob_grounded.uasset" 49
"../../../TransmissionLost/Content/2DSideScrollerBP/source/alienworld_blackBlob5.uasset" 50
"../../../TransmissionLost/Content/2DSideScrollerBP/source/Anim_blckBlob_faling.uasset" 51
"../../../TransmissionLost/Content/2DSideScrollerBP/source/alienworld_blackBlob1.uasset" 52
"../../../TransmissionLost/Content/2DSideScrollerBP/source/alienworld_blackBlob2.uasset" 53
"../../../TransmissionLost/Content/2DSideScrollerBP/source/alienworld_blackBlob3.uasset" 54
"../../../TransmissionLost/Content/2DSideScrollerBP/source/alienworld_blackBlob4.uasset" 55
"../../../TransmissionLost/Content/2DSideScrollerBP/source/Anim_blackBlob_spawn.uasset" 56
"../../../TransmissionLost/Content/2DSideScrollerBP/source/BP_Blob.uasset" 57
"../../../TransmissionLost/Content/2DSideScrollerBP/source/Character.uasset" 58
"../../../TransmissionLost/Content/2DSideScrollerBP/source/Character_steve.uasset" 59
"../../../TransmissionLost/Content/2DSideScrollerBP/source/computer_off.uasset" 60
"../../../TransmissionLost/Content/2DSideScrollerBP/source/computer_off_Sprite.uasset" 61
"../../../TransmissionLost/Content/2DSideScrollerBP/source/computer_off_flipbook.uasset" 62
"../../../TransmissionLost/Content/2DSideScrollerBP/source/force_projectile.uasset" 63
"../../../TransmissionLost/Content/2DSideScrollerBP/source/image3A10017_eightbit.uasset" 64
"../../../TransmissionLost/Content/2DSideScrollerBP/source/light_bridge_tileset.uasset" 65
"../../../TransmissionLost/Content/2DSideScrollerBP/source/light_bridge_tileset_Sprite_1.uasset" 66
"../../../TransmissionLost/Content/2DSideScrollerBP/source/light_bridge_tileset_Sprite_3.uasset" 67
"../../../TransmissionLost/Content/2DSideScrollerBP/source/light_bridge_tileset_Sprite_5.uasset" 68
"../../../TransmissionLost/Content/2DSideScrollerBP/source/mudman.uasset" 69
"../../../TransmissionLost/Content/2DSideScrollerBP/source/mud_prijectile_sprite.uasset" 70
"../../../TransmissionLost/Content/2DSideScrollerBP/source/balast/3002842.uasset" 71
"../../../TransmissionLost/Content/2DSideScrollerBP/source/balast/armor_test.uasset" 72
"../../../TransmissionLost/Content/2DSideScrollerBP/source/balast/background_far.uasset" 73
"../../../TransmissionLost/Content/2DSideScrollerBP/source/balast/bd43b055a5b05402937c21c40b3aed6e.uasset" 74
"../../../TransmissionLost/Content/2DSideScrollerBP/source/balast/Character.uasset" 75
"../../../TransmissionLost/Content/2DSideScrollerBP/source/balast/dandare3_013.uasset" 76
"../../../TransmissionLost/Content/2DSideScrollerBP/source/balast/dialog_windows.uasset" 77
"../../../TransmissionLost/Content/2DSideScrollerBP/source/balast/gui.uasset" 78
"../../../TransmissionLost/Content/2DSideScrollerBP/source/balast/helmet-scifi-3d-model-max-obj-fbx.uasset" 79
"../../../TransmissionLost/Content/2DSideScrollerBP/source/balast/helmet_test.uasset" 80
"../../../TransmissionLost/Content/2DSideScrollerBP/source/balast/image3A10014_eightbit.uasset" 81
"../../../TransmissionLost/Content/2DSideScrollerBP/source/balast/image3A10014_eightbit2.uasset" 82
"../../../TransmissionLost/Content/2DSideScrollerBP/source/balast/image3A10014_eightbit3.uasset" 83
"../../../TransmissionLost/Content/2DSideScrollerBP/source/balast/image3A10014_eightbit4.uasset" 84
"../../../TransmissionLost/Content/2DSideScrollerBP/source/balast/image3A10014_eightbit5.uasset" 85
"../../../TransmissionLost/Content/2DSideScrollerBP/source/balast/image3A10017_eightbit.uasset" 86
"../../../TransmissionLost/Content/2DSideScrollerBP/source/balast/image3A10020_eightbit.uasset" 87
"../../../TransmissionLost/Content/2DSideScrollerBP/source/balast/image3A10042_eightbit.uasset" 88
"../../../TransmissionLost/Content/2DSideScrollerBP/source/balast/image3A10048_eightbit.uasset" 89
"../../../TransmissionLost/Content/2DSideScrollerBP/source/balast/image3A10050_eightbit2.uasset" 90
"../../../TransmissionLost/Content/2DSideScrollerBP/source/balast/image3A10055_eightbit.uasset" 91
"../../../TransmissionLost/Content/2DSideScrollerBP/source/balast/image3A10056_eightbit.uasset" 92
"../../../TransmissionLost/Content/2DSideScrollerBP/source/balast/lamp.uasset" 93
"../../../TransmissionLost/Content/2DSideScrollerBP/source/balast/Projectiles.uasset" 94
"../../../TransmissionLost/Content/2DSideScrollerBP/source/balast/screen.uasset" 95
"../../../TransmissionLost/Content/2DSideScrollerBP/source/balast/stock-photo-silhouette-in-a-antenna-transmission-tower-at-sunset-beautiful-134011715.uasset" 96
"../../../TransmissionLost/Content/2DSideScrollerBP/source/balast/WTLIqG6TOfjr0_G3HQ7nk6h6pmpynuyxYfpDlNsDcDdEzf31QU8E5f1OoRMY3TwK41U_h900_png.uasset" 97
"../../../TransmissionLost/Content/2DSideScrollerBP/source/balast/previews/screen.uasset" 98
"../../../TransmissionLost/Content/2DSideScrollerBP/source/balast/previews/screen2.uasset" 99
"../../../TransmissionLost/Content/2DSideScrollerBP/source/balast/previews/screen3.uasset" 100
"../../../TransmissionLost/Content/2DSideScrollerBP/source/character/Character_steve.uasset" 101
"../../../TransmissionLost/Content/2DSideScrollerBP/source/character/Character_steve_Sprite_12.uasset" 102
"../../../TransmissionLost/Content/2DSideScrollerBP/source/character/Character_steve_Sprite_13.uasset" 103
"../../../TransmissionLost/Content/2DSideScrollerBP/source/character/Character_steve_Sprite_14.uasset" 104
"../../../TransmissionLost/Content/2DSideScrollerBP/source/character/Character_steve_Sprite_15.uasset" 105
"../../../TransmissionLost/Content/2DSideScrollerBP/source/character/Character_steve_Sprite_18.uasset" 106
"../../../TransmissionLost/Content/2DSideScrollerBP/source/character/Character_steve_Sprite_19.uasset" 107
"../../../TransmissionLost/Content/2DSideScrollerBP/source/character/Character_steve_Sprite_3.uasset" 108
"../../../TransmissionLost/Content/2DSideScrollerBP/source/character/Character_steve_Sprite_6.uasset" 109
"../../../TransmissionLost/Content/2DSideScrollerBP/source/character/Character_steve_Sprite_7.uasset" 110
"../../../TransmissionLost/Content/2DSideScrollerBP/source/mudman/mudman.uasset" 111
"../../../TransmissionLost/Content/2DSideScrollerBP/source/mudman/mudman_Sprite_3.uasset" 112
"../../../TransmissionLost/Content/2DSideScrollerBP/source/mudman/Anim_attack_mudman.uasset" 113
"../../../TransmissionLost/Content/2DSideScrollerBP/source/mudman/mudman_Sprite_20.uasset" 114
"../../../TransmissionLost/Content/2DSideScrollerBP/source/mudman/Anim_damage_mudman.uasset" 115
"../../../TransmissionLost/Content/2DSideScrollerBP/source/splash_screens/gaminng_keep.uasset" 116
"../../../TransmissionLost/Content/2DSideScrollerBP/source/splash_screens/ggs10.uasset" 117
"../../../TransmissionLost/Content/2DSideScrollerBP/source/splash_screens/title.uasset" 118
"../../../TransmissionLost/Content/StarterContent/Materials/M_Basic_Wall.uasset" 119
"../../../TransmissionLost/Content/StarterContent/Architecture/Pillar_50x500.uasset" 120
"../../../TransmissionLost/Content/StarterContent/Architecture/Wall_400x300.uasset" 121
"../../../TransmissionLost/Content/StarterContent/Architecture/Wall_400x400.uasset" 122
"../../../TransmissionLost/Content/StarterContent/Architecture/Wall_500x500.uasset" 123
"../../../TransmissionLost/Content/StarterContent/Architecture/Wall_Door_400x400.uasset" 124
"../../../TransmissionLost/Content/StarterContent/Architecture/Wall_Window_400x400.uasset" 125
"../../../TransmissionLost/Content/StarterContent/Audio/Light01_Cue.uasset" 126
"../../../TransmissionLost/Content/StarterContent/Audio/Light02_Cue.uasset" 127
"../../../TransmissionLost/Content/StarterContent/Audio/Explosion_Cue.uasset" 128
"../../../TransmissionLost/Content/StarterContent/Textures/T_Burst_M.uasset" 129
"../../../TransmissionLost/Content/StarterContent/Particles/Materials/M_Burst.uasset" 130
"../../../TransmissionLost/Content/StarterContent/Textures/T_Explosion_SubUV.uasset" 131
"../../../TransmissionLost/Content/StarterContent/Particles/Materials/M_explosion_subUV.uasset" 132
"../../../TransmissionLost/Content/StarterContent/Particles/Materials/m_flare_01.uasset" 133
"../../../Engine/Content/Functions/Engine_MaterialFunctions01/Gradient/RadialGradient.uasset" 134
"../../../TransmissionLost/Content/StarterContent/Particles/Materials/M_radial_ramp.uasset" 135
"../../../TransmissionLost/Content/StarterContent/Textures/T_Smoke_SubUV.uasset" 136
"../../../TransmissionLost/Content/StarterContent/Textures/T_Smoke_Tiled_D.uasset" 137
"../../../TransmissionLost/Content/StarterContent/Particles/Materials/M_smoke_subUV.uasset" 138
"../../../TransmissionLost/Content/StarterContent/Particles/P_Explosion.uasset" 139
"../../../TransmissionLost/Content/StarterContent/Blueprints/Blueprint_Effect_Explosion.uasset" 140
"../../../Engine/Content/EditorMeshes/ColorCalibrator/T_ColorGrid.uasset" 141
"../../../TransmissionLost/Content/StarterContent/Materials/M_ColorGrid_LowSpec.uasset" 142
"../../../TransmissionLost/Content/StarterContent/Textures/T_Bush_D.uasset" 143
"../../../TransmissionLost/Content/StarterContent/Textures/T_Bush_N.uasset" 144
"../../../TransmissionLost/Content/StarterContent/Props/Materials/M_Bush.uasset" 145
"../../../TransmissionLost/Content/StarterContent/Props/SM_Bush.uasset" 146
"../../../TransmissionLost/Content/StarterContent/Textures/T_Chair_M.uasset" 147
"../../../TransmissionLost/Content/StarterContent/Textures/T_Chair_N.uasset" 148
"../../../TransmissionLost/Content/StarterContent/Props/Materials/M_Chair.uasset" 149
"../../../TransmissionLost/Content/StarterContent/Props/SM_Couch.uasset" 150
"../../../TransmissionLost/Content/StarterContent/Materials/M_Glass.uasset" 151
"../../../TransmissionLost/Content/StarterContent/Textures/T_Door_M.uasset" 152
"../../../TransmissionLost/Content/StarterContent/Textures/T_Door_N.uasset" 153
"../../../TransmissionLost/Content/StarterContent/Props/Materials/M_Door.uasset" 154
"../../../TransmissionLost/Content/StarterContent/Props/SM_Door.uasset" 155
"../../../TransmissionLost/Content/StarterContent/Props/Materials/M_MaterialSphere.uasset" 156
"../../../TransmissionLost/Content/StarterContent/Props/Materials/M_MaterialSphere_Plain.uasset" 157
"../../../TransmissionLost/Content/StarterContent/Props/SM_MatPreviewMesh_02.uasset" 158
"../../../Engine/Content/Functions/Engine_MaterialFunctions02/Utility/BlendAngleCorrectedNormals.uasset" 159
"../../../TransmissionLost/Content/StarterContent/Textures/T_Detail_Rocky_N.uasset" 160
"../../../TransmissionLost/Content/StarterContent/Textures/T_Rock_Basalt_D.uasset" 161
"../../../TransmissionLost/Content/StarterContent/Textures/T_RockMesh_M.uasset" 162
"../../../TransmissionLost/Content/StarterContent/Textures/T_RockMesh_N.uasset" 163
"../../../TransmissionLost/Content/StarterContent/Props/Materials/M_Rock.uasset" 164
"../../../TransmissionLost/Content/StarterContent/Props/SM_Rock.uasset" 165
"../../../TransmissionLost/Content/StarterContent/Textures/T_Shelf_M.uasset" 166
"../../../TransmissionLost/Content/StarterContent/Textures/T_Shelf_N.uasset" 167
"../../../TransmissionLost/Content/StarterContent/Props/Materials/M_Shelf.uasset" 168
"../../../TransmissionLost/Content/StarterContent/Props/SM_Shelf.uasset" 169
"../../../TransmissionLost/Content/StarterContent/Materials/M_Basic_Floor.uasset" 170
"../../../TransmissionLost/Content/StarterContent/Props/SM_Stairs.uasset" 171
"../../../TransmissionLost/Content/StarterContent/Shapes/Shape_Cone.uasset" 172
"../../../TransmissionLost/Content/StarterContent/Shapes/Shape_Cylinder.uasset" 173
"../../../TransmissionLost/Content/StarterContent/Shapes/Shape_NarrowCapsule.uasset" 174
"../../../TransmissionLost/Content/StarterContent/Shapes/Shape_Pipe.uasset" 175
"../../../TransmissionLost/Content/StarterContent/Shapes/Shape_Pipe_180.uasset" 176
"../../../TransmissionLost/Content/StarterContent/Shapes/Shape_Pipe_90.uasset" 177
"../../../TransmissionLost/Content/StarterContent/Shapes/Shape_Plane.uasset" 178
"../../../TransmissionLost/Content/StarterContent/Shapes/Shape_Torus.uasset" 179
"../../../TransmissionLost/Content/StarterContent/Shapes/Shape_Trim.uasset" 180
"../../../TransmissionLost/Content/StarterContent/Shapes/Shape_Trim_90_In.uasset" 181
"../../../TransmissionLost/Content/StarterContent/Shapes/Shape_Trim_90_Out.uasset" 182
"../../../TransmissionLost/Content/StarterContent/Shapes/Shape_TriPyramid.uasset" 183
"../../../TransmissionLost/Content/StarterContent/Shapes/Shape_Tube.uasset" 184
"../../../TransmissionLost/Content/StarterContent/Shapes/Shape_Wedge_A.uasset" 185
"../../../TransmissionLost/Content/StarterContent/Shapes/Shape_Wedge_B.uasset" 186
"../../../TransmissionLost/Content/StarterContent/Shapes/Shape_WideCapsule.uasset" 187
"../../../Engine/Content/Functions/Engine_MaterialFunctions01/Opacity/CameraDepthFade.uasset" 188
"../../../Engine/Content/EngineMaterials/T_Default_Material_Grid_M.uasset" 189
"../../../Engine/Content/EngineMaterials/T_Default_Material_Grid_N.uasset" 190
"../../../Engine/Content/EngineMaterials/DefaultMaterial.uasset" 191
"../../../Engine/Content/BasicShapes/Cone.uasset" 192
"../../../Engine/Content/EngineMaterials/WorldGridMaterial.uasset" 193
"../../../Engine/Content/BasicShapes/Cube.uasset" 194
"../../../Engine/Content/BasicShapes/Cylinder.uasset" 195
"../../../Engine/Content/BasicShapes/Plane.uasset" 196
"../../../Engine/Content/BasicShapes/Sphere.uasset" 197
"../../../Engine/Content/EditorLandscapeResources/DataLayer.uasset" 198
"../../../Engine/Content/EditorMaterials/GizmoMaterial.uasset" 199
"../../../Engine/Content/EditorMaterials/MAT_Groups_Toggle.uasset" 200
"../../../Engine/Content/EditorMaterials/MAT_Groups_Visibility.uasset" 201
"../../../Engine/Content/EditorMaterials/PreviewShadowIndicator.uasset" 202
"../../../Engine/Content/EditorMaterials/PreviewShadowIndicatorMaterial.uasset" 203
"../../../Engine/Content/EditorMaterials/MatineeGroups/MAT_ColorTrack.uasset" 204
"../../../Engine/Content/EditorMaterials/MatineeGroups/MAT_Groups_Anim.uasset" 205
"../../../Engine/Content/EditorMaterials/MatineeGroups/MAT_Groups_AudioMaster.uasset" 206
"../../../Engine/Content/EditorMaterials/MatineeGroups/MAT_Groups_Director.uasset" 207
"../../../Engine/Content/EditorMaterials/MatineeGroups/MAT_Groups_Event.uasset" 208
"../../../Engine/Content/EditorMaterials/MatineeGroups/MAT_Groups_Fade.uasset" 209
"../../../Engine/Content/EditorMaterials/MatineeGroups/MAT_Groups_Float.uasset" 210
"../../../Engine/Content/EditorMaterials/MatineeGroups/MAT_Groups_Move.uasset" 211
"../../../Engine/Content/EditorMaterials/MatineeGroups/MAT_Groups_Slomo.uasset" 212
"../../../Engine/Content/EditorMaterials/MatineeGroups/MAT_Groups_Sound.uasset" 213
"../../../Engine/Content/EditorMaterials/MatineeGroups/MAT_Groups_Vector.uasset" 214
"../../../Engine/Content/EditorMaterials/ParticleSystems/PSysThumbnail_NoImage.uasset" 215
"../../../Engine/Content/EditorMaterials/ParticleSystems/PSysThumbnail_OOD.uasset" 216
"../../../Engine/Content/EditorMaterials/Camera/CineMat.uasset" 217
"../../../Engine/Content/EditorMaterials/Camera/MI_CineMat_Rig.uasset" 218
"../../../Engine/Content/EditorMeshes/Camera/SM_CraneRig_Arm.uasset" 219
"../../../Engine/Content/EditorMeshes/Camera/SM_CraneRig_Base.uasset" 220
"../../../Engine/Content/EditorMeshes/Camera/SM_CraneRig_Body.uasset" 221
"../../../Engine/Content/EditorMeshes/Camera/SM_CraneRig_Mount.uasset" 222
"../../../Engine/Content/EditorMeshes/Camera/SM_RailRig_Mount.uasset" 223
"../../../Engine/Content/EditorMeshes/Camera/SM_RailRig_Track.uasset" 224
"../../../Engine/Content/EditorResources/BSPVertex.uasset" 225
"../../../Engine/Content/EditorResources/EmptyActor.uasset" 226
"../../../Engine/Content/EditorResources/S_Actor.uasset" 227
"../../../Engine/Content/EditorResources/S_Trigger.uasset" 228
"../../../Engine/Content/EditorResources/AudioIcons/S_AudioComponent.uasset" 229
"../../../Engine/Content/EditorResources/AudioIcons/S_AudioComponent_AutoActivate.uasset" 230
"../../../Engine/Content/EditorResources/LightIcons/S_LightError.uasset" 231
"../../../Engine/Content/EditorResources/SequenceRecorder/Countdown.uasset" 232
"../../../Engine/Content/EditorResources/SequenceRecorder/RecordingIndicator.uasset" 233
"../../../Engine/Content/EditorSounds/Notifications/CompileFailed.uasset" 234
"../../../Engine/Content/EditorSounds/Notifications/CompileFailed_Cue.uasset" 235
"../../../Engine/Content/EditorSounds/Notifications/CompileSuccess.uasset" 236
"../../../Engine/Content/EditorSounds/Notifications/CompileStart_Cue.uasset" 237
"../../../Engine/Content/EditorSounds/Notifications/CompileSuccess_Cue.uasset" 238
"../../../Engine/Content/EngineDamageTypes/DmgTypeBP_Environmental.uasset" 239
"../../../Engine/Content/EngineDebugMaterials/HeatmapGradient.uasset" 240
"../../../Engine/Content/EngineDebugMaterials/BoneWeightMaterial.uasset" 241
"../../../Engine/Content/EngineDebugMaterials/ClothMaterial.uasset" 242
"../../../Engine/Content/EngineDebugMaterials/ClothMaterial_WF.uasset" 243
"../../../Engine/Content/EngineDebugMaterials/DebugEditorMaterial.uasset" 244
"../../../Engine/Content/EngineDebugMaterials/DebugMeshMaterial.uasset" 245
"../../../Engine/Content/EngineDebugMaterials/GeomMaterial.uasset" 246
"../../../Engine/Content/EngineFonts/Faces/RobotoBold.uasset" 247
"../../../Engine/Content/EngineFonts/Faces/RobotoBoldItalic.uasset" 248
"../../../Engine/Content/EngineFonts/Faces/RobotoItalic.uasset" 249
"../../../Engine/Content/EngineFonts/Faces/RobotoLight.uasset" 250
"../../../Engine/Content/EngineFonts/Faces/RobotoRegular.uasset" 251
"../../../Engine/Content/EngineFonts/Roboto.uasset" 252
"../../../Engine/Content/EngineFonts/Faces/RobotoTiny.uasset" 253
"../../../Engine/Content/EngineFonts/RobotoTiny.uasset" 254
"../../../Engine/Content/EngineMaterials/DefaultBloomKernel.uasset" 255
"../../../Engine/Content/EngineMaterials/DefaultBokeh.uasset" 256
"../../../Engine/Content/EngineMaterials/DefaultDiffuse.uasset" 257
"../../../Engine/Content/EngineMaterials/DefaultDeferredDecalMaterial.uasset" 258
"../../../Engine/Content/EngineMaterials/DefaultLightFunctionMaterial.uasset" 259
"../../../Engine/Content/EngineMaterials/DefaultPhysicalMaterial.uasset" 260
"../../../Engine/Content/Functions/Engine_MaterialFunctions02/Utility/BreakOutFloat2Components.uasset" 261
"../../../Engine/Content/EngineMaterials/DefaultPostProcessMaterial.uasset" 262
"../../../Engine/Content/EngineFonts/RobotoDistanceField.uasset" 263
"../../../Engine/Content/EngineMaterials/DefaultTextMaterialOpaque.uasset" 264
"../../../Engine/Content/EngineMaterials/DefaultWhiteGrid.uasset" 265
"../../../Engine/Content/EngineMaterials/EditorBrushMaterial.uasset" 266
"../../../Engine/Content/EngineMaterials/Good64x64TilingNoiseHighFreq.uasset" 267
"../../../Engine/Content/EngineMaterials/MiniFont.uasset" 268
"../../../Engine/Content/EngineMaterials/InvalidLightmapSettings.uasset" 269
"../../../Engine/Content/EngineMaterials/M_InvalidLightmapSettings.uasset" 270
"../../../Engine/Content/Functions/Engine_MaterialFunctions02/WorldPositionOffset/CameraOffset.uasset" 271
"../../../Engine/Content/EngineMaterials/PhAT_JointLimitMaterial.uasset" 272
"../../../Engine/Content/EngineMaterials/PreintegratedSkinBRDF.uasset" 273
"../../../Engine/Content/EngineMaterials/RemoveSurfaceMaterial.uasset" 274
"../../../Engine/Content/EngineMaterials/WeightMapPlaceholderTexture.uasset" 275
"../../../Engine/Content/EngineResources/WhiteSquareTexture.uasset" 276
"../../../Engine/Content/EngineMaterials/Widget3DPassThrough.uasset" 277
"../../../Engine/Content/EngineMaterials/Widget3DPassThrough_Masked.uasset" 278
"../../../Engine/Content/EngineMaterials/Widget3DPassThrough_Opaque.uasset" 279
"../../../Engine/Content/EngineMaterials/Widget3DPassThrough_Masked_OneSided.uasset" 280
"../../../Engine/Content/EngineMaterials/Widget3DPassThrough_Opaque_OneSided.uasset" 281
"../../../Engine/Content/EngineMaterials/Widget3DPassThrough_Translucent.uasset" 282
"../../../Engine/Content/EngineMaterials/Widget3DPassThrough_Translucent_OneSided.uasset" 283
"../../../Engine/Content/EngineMeshes/Cube.uasset" 284
"../../../Engine/Content/EngineMeshes/Cylinder.uasset" 285
"../../../Engine/Content/EngineMeshes/Sphere.uasset" 286
"../../../Engine/Content/EngineResources/Black.uasset" 287
"../../../Engine/Content/EngineResources/DefaultTexture.uasset" 288
"../../../Engine/Content/EngineResources/DefaultTextureCube.uasset" 289
"../../../Engine/Content/EngineResources/GradientTexture0.uasset" 290
"../../../Engine/Content/EngineSounds/Master.uasset" 291
"../../../Engine/Content/Functions/Engine_MaterialFunctions01/Shading/ConvertFromDiffSpec.uasset" 292
"../../../Engine/Content/Functions/Engine_MaterialFunctions01/Shading/PowerToRoughness.uasset" 293
"../../../Engine/Content/Maps/Templates/Thumbnails/Default.uasset" 294
"../../../Engine/Content/Maps/Templates/Thumbnails/VR-Basic.uasset" 295
"../../../Engine/Content/MobileResources/T_MobileControls_texture.uasset" 296
"../../../Engine/Content/MobileResources/T_MobileMenu2.uasset" 297
"../../../Engine/Content/MobileResources/HUD/AnalogHat.uasset" 298
"../../../Engine/Content/MobileResources/HUD/VirtualJoystick_Background.uasset" 299
"../../../Engine/Content/MobileResources/HUD/VirtualJoystick_Thumb.uasset" 300
"../../../Engine/Content/MobileResources/HUD/DefaultVirtualJoysticks.uasset" 301
"../../../Engine/Content/MobileResources/HUD/LeftVirtualJoystickOnly.uasset" 302
"../../../Engine/Content/MobileResources/HUD/MobileHUDButton1_off.uasset" 303
"../../../Engine/Content/MobileResources/HUD/MobileHUDButton1_on.uasset" 304
"../../../Engine/Content/MobileResources/HUD/MobileHUDButton2_off.uasset" 305
"../../../Engine/Content/MobileResources/HUD/MobileHUDButton2_on.uasset" 306
"../../../Engine/Content/MobileResources/HUD/MobileHUDButton3.uasset" 307
"../../../Engine/Content/MobileResources/HUD/MobileHUDButtonFire.uasset" 308
"../../../Engine/Content/MobileResources/HUD/MobileHUDDirectionPad.uasset" 309
"../../../Engine/Content/MobileResources/HUD/MobileHUDDirectionPad2.uasset" 310
"../../../Engine/Content/MobileResources/HUD/MobileHUDDirectionPad3.uasset" 311
"../../../Engine/Content/MobileResources/HUD/MobileHUDDirectionStick.uasset" 312
"../../../Engine/Content/MobileResources/HUD/T_Castle_ThumbstickInner.uasset" 313
"../../../Engine/Content/MobileResources/HUD/T_Castle_ThumbstickOutter.uasset" 314
"../../../Engine/Content/Tutorial/ContentIntroCurve.uasset" 315
"../../../Engine/Content/Tutorial/Basics/TutorialAssets/icon_tab_Levels_40x.uasset" 316
"../../../Engine/Content/Tutorial/BlueprintTutorials/TutorialAssets/BlueprintInterface_64x.uasset" 317
"../../../Engine/Content/Tutorial/BlueprintTutorials/TutorialAssets/BlueprintMacroLibrary_64x.uasset" 318
"../../../Engine/Content/Tutorial/BlueprintTutorials/TutorialAssets/Blueprint_64x.uasset" 319
"../../../Engine/Content/Tutorial/BlueprintTutorials/TutorialAssets/Tutorial_BP_Interface.uasset" 320
"../../../Engine/Content/Tutorial/Foliage/TutorialAssets/Foliage.uasset" 321
"../../../Engine/Content/Tutorial/Landscape/TutorialAssets/Landscape.uasset" 322
"../../../Engine/Content/Tutorial/Paper2D/TutorialAssets/Paper2DFlipbook_TutorialIcon.uasset" 323
"../../../Engine/Content/Tutorial/Paper2D/TutorialAssets/Paper2DSprite_TutorialIcon.uasset" 324
"../../../Engine/Content/Tutorial/SubEditors/TutorialAssets/icon_Editor_Preferences_General_40x.uasset" 325
"../../../Engine/Content/Tutorial/SubEditors/TutorialAssets/icon_ShowSkeletalMeshes_40x.uasset" 326
"../../../Engine/Content/Tutorial/SubEditors/TutorialAssets/TutorialMaterial.uasset" 327
"../../../Engine/Content/Tutorial/SubEditors/TutorialAssets/T_SmokeSubUV_8X8.uasset" 328
"../../../Engine/Content/Tutorial/SubEditors/TutorialAssets/T_soft_smoke.uasset" 329
"../../../Engine/Content/Tutorial/SubEditors/TutorialAssets/M_smoke_subUV_blackbody.uasset" 330
"../../../Engine/Content/Tutorial/SubEditors/TutorialAssets/TutorialParticleSystem.uasset" 331
"../../../Engine/Content/VREditor/Devices/Generic/GenericHMDMaterial.uasset" 332
"../../../Engine/Content/VREditor/Devices/Generic/GenericHMD.uasset" 333
"../../../Engine/Content/VREditor/FloatingText/LineMaterial.uasset" 334
"../../../Engine/Content/VREditor/FloatingText/JointSphere.uasset" 335
"../../../Engine/Content/VREditor/FloatingText/LineSegmentCylinder.uasset" 336
"../../../Engine/Content/VREditor/Fonts/VRText_RobotoLarge.uasset" 337
"../../../Engine/Content/VREditor/Fonts/VRTextMaterial.uasset" 338
"../../../Engine/Content/VREditor/Fonts/TranslucentVRTextMaterial.uasset" 339
"../../../Engine/Content/VREditor/LaserPointer/CursorPointer.uasset" 340
"../../../Engine/Content/VREditor/LaserPointer/VR_LaserPower_01.uasset" 341
"../../../Engine/Content/VREditor/TransformGizmo/TransformGizmoMaterial.uasset" 342
"../../../Engine/Content/VREditor/LaserPointer/HoverMaterial.uasset" 343
"../../../Engine/Content/VREditor/TransformGizmo/TranslucentTransformGizmoMaterial.uasset" 344
"../../../Engine/Content/VREditor/LaserPointer/TranslucentHoverMaterial.uasset" 345
"../../../Engine/Content/VREditor/LaserPointer/HoverMesh.uasset" 346
"../../../Engine/Content/VREditor/LaserPointer/LaserPointerMaterial.uasset" 347
"../../../Engine/Content/VREditor/LaserPointer/LaserPointerMaterialInst.uasset" 348
"../../../Engine/Content/VREditor/LaserPointer/TranslucentLaserPointerMaterialInst.uasset" 349
"../../../Engine/Content/VREditor/LaserPointer/LaserPointerMesh.uasset" 350
"../../../Engine/Content/VREditor/LaserPointer/LaserPointerMesh_End.uasset" 351
"../../../Engine/Content/VREditor/LaserPointer/LaserPointerMesh_Start.uasset" 352
"../../../Engine/Content/Functions/Engine_MaterialFunctions02/Utility/BreakOutFloat3Components.uasset" 353
"../../../Engine/Content/Functions/Engine_MaterialFunctions02/Math/Transform3x3Matrix.uasset" 354
"../../../Engine/Content/Functions/Engine_MaterialFunctions02/SplitComponents.uasset" 355
"../../../Engine/Content/Functions/Engine_MaterialFunctions02/Utility/MakeFloat3.uasset" 356
"../../../Engine/Content/VREditor/SnapGrid/SnapGridMaterial.uasset" 357
"../../../Engine/Content/VREditor/SnapGrid/SnapGridPlaneMesh.uasset" 358
"../../../Engine/Content/VREditor/Sounds/VR_teleport.uasset" 359
"../../../Engine/Content/VREditor/Sounds/UI/Click_on_Button_Cue.uasset" 360
"../../../Engine/Content/VREditor/Sounds/UI/Dockable_Window_Close.uasset" 361
"../../../Engine/Content/VREditor/Sounds/UI/Dockable_Window_Drop.uasset" 362
"../../../Engine/Content/VREditor/Sounds/UI/Dockable_Window_Open.uasset" 363
"../../../Engine/Content/VREditor/Sounds/UI/Dockable_Window_Pick_Up.uasset" 364
"../../../Engine/Content/VREditor/Sounds/UI/Drop_Item_From_ContentBrowser.uasset" 365
"../../../Engine/Content/VREditor/Sounds/UI/Floating_UI_Open-001.uasset" 366
"../../../Engine/Content/VREditor/Sounds/UI/Gizmo_Handle_Clicked.uasset" 367
"../../../Engine/Content/VREditor/Sounds/UI/Object_PickUp.uasset" 368
"../../../Engine/Content/VREditor/Sounds/UI/Object_Snaps_To_Another_Actor.uasset" 369
"../../../Engine/Content/VREditor/Sounds/UI/Object_Snaps_To_Grid.uasset" 370
"../../../Engine/Content/VREditor/Sounds/UI/Radial_Menu_FadeOut.uasset" 371
"../../../Engine/Content/VREditor/Sounds/UI/Scaling_Down.uasset" 372
"../../../Engine/Content/VREditor/Sounds/UI/Scaling_Up.uasset" 373
"../../../Engine/Content/VREditor/Sounds/UI/Selection_Changes.uasset" 374
"../../../Engine/Content/VREditor/Sounds/UI/Teleport_Mode_Entered.uasset" 375
"../../../Engine/Content/VREditor/Teleport/TeleportDirectionMaterial.uasset" 376
"../../../Engine/Content/VREditor/Teleport/TeleportDirectionMaterial_Inst.uasset" 377
"../../../Engine/Content/VREditor/Teleport/TeleportDirectionMesh.uasset" 378
"../../../Engine/Content/VREditor/TransformGizmo/BoundingBoxCorner.uasset" 379
"../../../Engine/Content/VREditor/TransformGizmo/BoundingBoxEdge.uasset" 380
"../../../Engine/Content/VREditor/TransformGizmo/PlaneTranslationHandle.uasset" 381
"../../../Engine/Content/VREditor/TransformGizmo/RotationHandleFull.uasset" 382
"../../../Engine/Content/VREditor/TransformGizmo/RotationHandleIndicator.uasset" 383
"../../../Engine/Content/VREditor/TransformGizmo/RotationHandleQuarter.uasset" 384
"../../../Engine/Content/VREditor/TransformGizmo/Main.uasset" 385
"../../../Engine/Content/VREditor/TransformGizmo/Xray.uasset" 386
"../../../Engine/Content/VREditor/TransformGizmo/SM_Dialog_Close.uasset" 387
"../../../Engine/Content/VREditor/TransformGizmo/SM_Dialog_Move.uasset" 388
"../../../Engine/Content/VREditor/TransformGizmo/SM_Sequencer_Key.uasset" 389
"../../../Engine/Content/VREditor/TransformGizmo/SM_Sequencer_Node.uasset" 390
"../../../Engine/Content/VREditor/TransformGizmo/StartRotationHandleIndicator.uasset" 391
"../../../Engine/Content/VREditor/TransformGizmo/TranslucentTransformGizmoMaterial_Inst.uasset" 392
"../../../Engine/Content/VREditor/TransformGizmo/TransformGizmoFreeRotation.uasset" 393
"../../../Engine/Content/VREditor/TransformGizmo/TransformGizmoMaterial_Inst.uasset" 394
"../../../Engine/Content/VREditor/TransformGizmo/TranslateArrowHandle.uasset" 395
"../../../Engine/Content/VREditor/TransformGizmo/UniformScaleHandle.uasset" 396
"../../../Engine/Content/VREditor/UI/KeyDiskMaterial.uasset" 397
"../../../Engine/Content/VREditor/UI/DiscMaterial.uasset" 398
"../../../Engine/Content/VREditor/UI/SM_Radial_Disk.uasset" 399
"../../../Engine/Content/VREditor/WorldMovementGrid/SimpleGrid.uasset" 400
"../../../Engine/Content/VREditor/WorldMovementGrid/GridMaterial.uasset" 401
"../../../Engine/Content/Functions/Engine_MaterialFunctions01/Density/ExponentialDensity.uasset" 402
"../../../Engine/Content/VREditor/WorldMovementGrid/GridPostProcess.uasset" 403
"../../../Engine/Content/EditorLandscapeResources/FlattenHeightMat.uasset" 404
"../../../Engine/Content/VREditor/WorldMovementGrid/PlaneMesh.uasset" 405
"../../../Engine/Plugins/2D/Paper2D/Content/PlaceholderTextures/DummySpriteTexture.uasset" 406
"../../../Engine/Plugins/2D/Paper2D/Content/DummySprite.uasset" 407
"../../../Engine/Plugins/2D/Paper2D/Content/DefaultPaperTerrainMaterial.uasset" 408
"../../../Engine/Plugins/2D/Paper2D/Content/DefaultSpriteMaterial.uasset" 409
"../../../Engine/Plugins/2D/Paper2D/Content/MaskedUnlitSpriteMaterial.uasset" 410
"../../../Engine/Plugins/Media/MediaCompositing/Content/DefaultMediaPlaneMaterial.uasset" 411
"../../../Engine/Content/Functions/Engine_MaterialFunctions02/Utility/MakeFloat4.uasset" 412
"../../../Engine/Plugins/Runtime/AppleARKit/Content/ARKitCameraMaterial.uasset" 413
"../../../Engine/Plugins/Runtime/Oculus/OculusVR/Content/Textures/GearVRController_AO.uasset" 414
"../../../Engine/Plugins/Runtime/Oculus/OculusVR/Content/Textures/GearVRController_Color.uasset" 415
"../../../Engine/Plugins/Runtime/Oculus/OculusVR/Content/Textures/GearVRController_Normal.uasset" 416
"../../../Engine/Plugins/Runtime/Oculus/OculusVR/Content/Materials/GearVRControllerMaterial.uasset" 417
"../../../Engine/Plugins/Runtime/Oculus/OculusVR/Content/Meshes/GearVrController.uasset" 418
"../../../Engine/Content/EditorBlueprintResources/StandardMacros.uasset" 419
"../../../TransmissionLost/Content/2DSideScrollerBP/source/sound_visualisations/sound.uasset" 420
"../../../TransmissionLost/Content/2DSideScrollerBP/source/sound_visualisations/sound_Sprite_15.uasset" 421
"../../../TransmissionLost/Content/2DSideScrollerBP/source/sound_visualisations/sound_Sprite_16.uasset" 422
"../../../TransmissionLost/Content/2DSideScrollerBP/source/sound_visualisations/sound_Sprite_17.uasset" 423
"../../../TransmissionLost/Content/2DSideScrollerBP/source/sound_visualisations/beep.uasset" 424
"../../../TransmissionLost/Content/2DSideScrollerBP/source/sound_visualisations/BP_sound_beep.uasset" 425
"../../../TransmissionLost/Content/2DSideScrollerBP/source/computer.uasset" 426
"../../../TransmissionLost/Content/2DSideScrollerBP/source/computer_Sprite_0.uasset" 427
"../../../TransmissionLost/Content/2DSideScrollerBP/source/computer_Sprite_1.uasset" 428
"../../../TransmissionLost/Content/2DSideScrollerBP/source/computer_Sprite_2.uasset" 429
"../../../TransmissionLost/Content/2DSideScrollerBP/source/computer_Sprite_3.uasset" 430
"../../../TransmissionLost/Content/2DSideScrollerBP/source/console.uasset" 431
"../../../TransmissionLost/Content/2DSideScrollerBP/source/dialogs/bridge_control.uasset" 432
"../../../TransmissionLost/Content/2DSideScrollerBP/WidgetConsole.uasset" 433
"../../../TransmissionLost/Content/2DSideScrollerBP/source/BP_Console.uasset" 434
"../../../TransmissionLost/Content/2DSideScrollerBP/source/Alienworld_platform_door_closed.uasset" 435
"../../../TransmissionLost/Content/2DSideScrollerBP/source/BP_door_close.uasset" 436
"../../../TransmissionLost/Content/2DSideScrollerBP/source/Alienworld_platform_door_open.uasset" 437
"../../../TransmissionLost/Content/2DSideScrollerBP/source/BP_door_open.uasset" 438
"../../../Engine/Plugins/2D/Paper2D/Content/TranslucentUnlitSpriteMaterial.uasset" 439
"../../../TransmissionLost/Content/2DSideScrollerBP/source/lamp_active.uasset" 440
"../../../TransmissionLost/Content/2DSideScrollerBP/source/lamp_Active_Sprite.uasset" 441
"../../../TransmissionLost/Content/2DSideScrollerBP/source/lamp.uasset" 442
"../../../TransmissionLost/Content/2DSideScrollerBP/source/lamp_Sprite.uasset" 443
"../../../TransmissionLost/Content/2DSideScrollerBP/source/BP_Lamp.uasset" 444
"../../../TransmissionLost/Content/2DSideScrollerBP/source/BP_terminal_lvl1.uasset" 445
"../../../TransmissionLost/Content/2DSideScrollerBP/source/mudman/mud_prijectile_sprite.uasset" 446
"../../../TransmissionLost/Content/2DSideScrollerBP/source/mudman/mud_prijectile_sprite_Sprite_0.uasset" 447
"../../../TransmissionLost/Content/2DSideScrollerBP/source/mudman/mud_prijectile_sprite_Sprite_1.uasset" 448
"../../../TransmissionLost/Content/2DSideScrollerBP/source/mudman/mud_prijectile_sprite_Sprite_10.uasset" 449
"../../../TransmissionLost/Content/2DSideScrollerBP/source/mudman/mud_prijectile_sprite_Sprite_11.uasset" 450
"../../../TransmissionLost/Content/2DSideScrollerBP/source/mudman/mud_prijectile_sprite_Sprite_12.uasset" 451
"../../../TransmissionLost/Content/2DSideScrollerBP/source/mudman/mud_prijectile_sprite_Sprite_13.uasset" 452
"../../../TransmissionLost/Content/2DSideScrollerBP/source/mudman/mud_prijectile_sprite_Sprite_14.uasset" 453
"../../../TransmissionLost/Content/2DSideScrollerBP/source/mudman/mud_prijectile_sprite_Sprite_15.uasset" 454
"../../../TransmissionLost/Content/2DSideScrollerBP/source/mudman/mud_prijectile_sprite_Sprite_16.uasset" 455
"../../../TransmissionLost/Content/2DSideScrollerBP/source/mudman/mud_prijectile_sprite_Sprite_17.uasset" 456
"../../../TransmissionLost/Content/2DSideScrollerBP/source/mudman/mud_prijectile_sprite_Sprite_2.uasset" 457
"../../../TransmissionLost/Content/2DSideScrollerBP/source/mudman/mud_prijectile_sprite_Sprite_3.uasset" 458
"../../../TransmissionLost/Content/2DSideScrollerBP/source/mudman/mud_prijectile_sprite_Sprite_4.uasset" 459
"../../../TransmissionLost/Content/2DSideScrollerBP/source/mudman/mud_prijectile_sprite_Sprite_5.uasset" 460
"../../../TransmissionLost/Content/2DSideScrollerBP/source/mudman/mud_prijectile_sprite_Sprite_6.uasset" 461
"../../../TransmissionLost/Content/2DSideScrollerBP/source/mudman/mud_prijectile_sprite_Sprite_7.uasset" 462
"../../../TransmissionLost/Content/2DSideScrollerBP/source/mudman/mud_prijectile_sprite_Sprite_8.uasset" 463
"../../../TransmissionLost/Content/2DSideScrollerBP/source/mudman/mud_prijectile_sprite_Sprite_9.uasset" 464
"../../../TransmissionLost/Content/2DSideScrollerBP/source/mudman/Anim_mud_prijectile_sprite1.uasset" 465
"../../../TransmissionLost/Content/2DSideScrollerBP/source/mudman/BP_Projectile_Mud.uasset" 466
"../../../TransmissionLost/Content/2DSideScrollerBP/source/sound_visualisations/sound_Sprite_0.uasset" 467
"../../../TransmissionLost/Content/2DSideScrollerBP/source/sound_visualisations/sound_Sprite_1.uasset" 468
"../../../TransmissionLost/Content/2DSideScrollerBP/source/sound_visualisations/sound_Sprite_2.uasset" 469
"../../../TransmissionLost/Content/2DSideScrollerBP/source/sound_visualisations/pew.uasset" 470
"../../../TransmissionLost/Content/2DSideScrollerBP/source/sound_visualisations/master_sound.uasset" 471
"../../../TransmissionLost/Content/2DSideScrollerBP/source/sound_visualisations/sound_Sprite_18.uasset" 472
"../../../TransmissionLost/Content/2DSideScrollerBP/source/sound_visualisations/sound_Sprite_19.uasset" 473
"../../../TransmissionLost/Content/2DSideScrollerBP/source/sound_visualisations/sound_Sprite_20.uasset" 474
"../../../TransmissionLost/Content/2DSideScrollerBP/source/sound_visualisations/aaargh.uasset" 475
"../../../TransmissionLost/Content/2DSideScrollerBP/source/sound_visualisations/BP_sound_aaargh.uasset" 476
"../../../TransmissionLost/Content/2DSideScrollerBP/source/mudman/mudman_Sprite_21.uasset" 477
"../../../TransmissionLost/Content/2DSideScrollerBP/source/mudman/mudman_Sprite_22.uasset" 478
"../../../TransmissionLost/Content/2DSideScrollerBP/source/mudman/Anim_dead_mudman.uasset" 479
"../../../TransmissionLost/Content/2DSideScrollerBP/source/mudman/mudman_Sprite_0.uasset" 480
"../../../TransmissionLost/Content/2DSideScrollerBP/source/mudman/mudman_Sprite_1.uasset" 481
"../../../TransmissionLost/Content/2DSideScrollerBP/source/mudman/mudman_Sprite_2.uasset" 482
"../../../TransmissionLost/Content/2DSideScrollerBP/source/mudman/Anim_idle_mudman.uasset" 483
"../../../TransmissionLost/Content/2DSideScrollerBP/source/mudman/mudman_Sprite_10.uasset" 484
"../../../TransmissionLost/Content/2DSideScrollerBP/source/mudman/mudman_Sprite_8.uasset" 485
"../../../TransmissionLost/Content/2DSideScrollerBP/source/mudman/mudman_Sprite_9.uasset" 486
"../../../TransmissionLost/Content/2DSideScrollerBP/source/mudman/Anim_run_mudman.uasset" 487
"../../../TransmissionLost/Content/2DSideScrollerBP/source/mudman/BP_Mudman_Character.uasset" 488
"../../../TransmissionLost/Content/2DSideScrollerBP/source/character/force_projectile.uasset" 489
"../../../TransmissionLost/Content/2DSideScrollerBP/source/character/force_projectile_Sprite_0.uasset" 490
"../../../TransmissionLost/Content/2DSideScrollerBP/source/character/force_projectile_Sprite_1.uasset" 491
"../../../TransmissionLost/Content/2DSideScrollerBP/source/character/force_projectile_Sprite_2.uasset" 492
"../../../TransmissionLost/Content/2DSideScrollerBP/source/character/force_projectile_Sprite_3.uasset" 493
"../../../TransmissionLost/Content/2DSideScrollerBP/source/character/force_projectile_Sprite_4.uasset" 494
"../../../TransmissionLost/Content/2DSideScrollerBP/source/character/force_projectile_Sprite_5.uasset" 495
"../../../TransmissionLost/Content/2DSideScrollerBP/source/character/force_projectile_Sprite_6.uasset" 496
"../../../TransmissionLost/Content/2DSideScrollerBP/source/character/force_projectile_Sprite_7.uasset" 497
"../../../TransmissionLost/Content/2DSideScrollerBP/source/character/force_projectile_Sprite_8.uasset" 498
"../../../TransmissionLost/Content/2DSideScrollerBP/source/character/Anim_force_projectile1.uasset" 499
"../../../TransmissionLost/Content/2DSideScrollerBP/source/character/BP_Projectile.uasset" 500
"../../../TransmissionLost/Content/2DSideScrollerBP/source/sound_visualisations/sound_Sprite_12.uasset" 501
"../../../TransmissionLost/Content/2DSideScrollerBP/source/sound_visualisations/sound_Sprite_13.uasset" 502
"../../../TransmissionLost/Content/2DSideScrollerBP/source/sound_visualisations/sound_Sprite_14.uasset" 503
"../../../TransmissionLost/Content/2DSideScrollerBP/source/sound_visualisations/click.uasset" 504
"../../../TransmissionLost/Content/2DSideScrollerBP/source/sound_visualisations/BP_sound_click.uasset" 505
"../../../TransmissionLost/Content/2DSideScrollerBP/source/sound_visualisations/sound_Sprite_6.uasset" 506
"../../../TransmissionLost/Content/2DSideScrollerBP/source/sound_visualisations/sound_Sprite_7.uasset" 507
"../../../TransmissionLost/Content/2DSideScrollerBP/source/sound_visualisations/sound_Sprite_8.uasset" 508
"../../../TransmissionLost/Content/2DSideScrollerBP/source/sound_visualisations/ouch.uasset" 509
"../../../TransmissionLost/Content/2DSideScrollerBP/source/sound_visualisations/BP_sound_ouch.uasset" 510
"../../../TransmissionLost/Content/2DSideScrollerBP/source/sound_visualisations/BP_sound_pew.uasset" 511
"../../../TransmissionLost/Content/2DSideScrollerBP/source/sound_visualisations/sound_Sprite_3.uasset" 512
"../../../TransmissionLost/Content/2DSideScrollerBP/source/sound_visualisations/sound_Sprite_4.uasset" 513
"../../../TransmissionLost/Content/2DSideScrollerBP/source/sound_visualisations/sound_Sprite_5.uasset" 514
"../../../TransmissionLost/Content/2DSideScrollerBP/source/sound_visualisations/swoosh.uasset" 515
"../../../TransmissionLost/Content/2DSideScrollerBP/source/sound_visualisations/BP_sound_swoosh.uasset" 516
"../../../TransmissionLost/Content/2DSideScrollerBP/source/sound_visualisations/sound_Sprite_10.uasset" 517
"../../../TransmissionLost/Content/2DSideScrollerBP/source/sound_visualisations/sound_Sprite_11.uasset" 518
"../../../TransmissionLost/Content/2DSideScrollerBP/source/sound_visualisations/sound_Sprite_9.uasset" 519
"../../../TransmissionLost/Content/2DSideScrollerBP/source/sound_visualisations/zap.uasset" 520
"../../../TransmissionLost/Content/2DSideScrollerBP/source/sound_visualisations/BP_sound_zap.uasset" 521
"../../../TransmissionLost/Content/2DSideScrollerBP/source/dialogs/force_dilema_sling.uasset" 522
"../../../TransmissionLost/Content/2DSideScrollerBP/ForceDilemaGun.uasset" 523
"../../../TransmissionLost/Content/2DSideScrollerBP/source/dialogs/force_dilema_shield.uasset" 524
"../../../TransmissionLost/Content/2DSideScrollerBP/ForceDilemaShield.uasset" 525
"../../../TransmissionLost/Content/2DSideScrollerBP/HUD.uasset" 526
"../../../TransmissionLost/Content/2DSideScrollerBP/PauseMenu.uasset" 527
"../../../TransmissionLost/Content/2DSideScrollerBP/source/character/Character_steve_charge.uasset" 528
"../../../TransmissionLost/Content/2DSideScrollerBP/source/character/Anim_Charge.uasset" 529
"../../../TransmissionLost/Content/2DSideScrollerBP/source/character/Character_steve_Sprite_20.uasset" 530
"../../../TransmissionLost/Content/2DSideScrollerBP/source/character/Character_steve_Sprite_21.uasset" 531
"../../../TransmissionLost/Content/2DSideScrollerBP/source/character/Character_steve_Sprite_22.uasset" 532
"../../../TransmissionLost/Content/2DSideScrollerBP/source/character/Anim_dead.uasset" 533
"../../../TransmissionLost/Content/2DSideScrollerBP/source/character/Character_steve_doubleJump1.uasset" 534
"../../../TransmissionLost/Content/2DSideScrollerBP/source/character/Character_steve_doubleJump2.uasset" 535
"../../../TransmissionLost/Content/2DSideScrollerBP/source/character/Anim_DoubleJump.uasset" 536
"../../../TransmissionLost/Content/2DSideScrollerBP/source/character/Character_steve_Sprite_4.uasset" 537
"../../../TransmissionLost/Content/2DSideScrollerBP/source/character/Anim_Fall.uasset" 538
"../../../TransmissionLost/Content/2DSideScrollerBP/source/character/Character_steve_Sprite_11.uasset" 539
"../../../TransmissionLost/Content/2DSideScrollerBP/source/character/Anim_Fire.uasset" 540
"../../../TransmissionLost/Content/2DSideScrollerBP/source/character/Character_steve_Sprite_5.uasset" 541
"../../../TransmissionLost/Content/2DSideScrollerBP/source/character/Anim_Jump2.uasset" 542
"../../../TransmissionLost/Content/2DSideScrollerBP/source/character/Character_steve_Sprite_10.uasset" 543
"../../../TransmissionLost/Content/2DSideScrollerBP/source/character/Character_steve_Sprite_8.uasset" 544
"../../../TransmissionLost/Content/2DSideScrollerBP/source/character/Character_steve_Sprite_9.uasset" 545
"../../../TransmissionLost/Content/2DSideScrollerBP/source/character/Anim_Run.uasset" 546
"../../../TransmissionLost/Content/2DSideScrollerBP/source/character/Character_steve_Sprite_0.uasset" 547
"../../../TransmissionLost/Content/2DSideScrollerBP/source/character/Character_steve_Sprite_1.uasset" 548
"../../../TransmissionLost/Content/2DSideScrollerBP/source/character/Character_steve_Sprite_2.uasset" 549
"../../../TransmissionLost/Content/2DSideScrollerBP/source/character/Anim_Stance.uasset" 550
"../../../TransmissionLost/Content/2DSideScrollerBP/source/dialogs/transmitter_operational.uasset" 551
"../../../TransmissionLost/Content/2DSideScrollerBP/transmitter.uasset" 552
"../../../TransmissionLost/Content/2DSideScrollerBP/source/dialogs/foreword.uasset" 553
"../../../TransmissionLost/Content/2DSideScrollerBP/WidgetProlog.uasset" 554
"../../../TransmissionLost/Content/2DSideScrollerBP/Blueprints/2DSideScrollerCharacter.uasset" 555
"../../../TransmissionLost/Content/2DSideScrollerBP/Blueprints/2DSideScrollerGameMode.uasset" 556
"../../../TransmissionLost/Content/2DSideScrollerBP/Main_BuiltData.uasset" 557
"../../../TransmissionLost/Content/2DSideScrollerBP/source/balast/image3A10045_eightbit.uasset" 558
"../../../TransmissionLost/Content/2DSideScrollerBP/Menus.uasset" 559
"../../../TransmissionLost/Content/2DSideScrollerBP/Main.umap" 560
"../../../TransmissionLost/Content/2DSideScrollerBP/Maps/2DSideScrollerExampleMap_BuiltData.uasset" 561
"../../../Engine/Content/MapTemplates/Bokeh_5Sides.uasset" 562
"../../../Engine/Content/MapTemplates/T_ScreenDirt02_w.uasset" 563
"../../../Engine/Plugins/2D/Paper2D/Content/OpaqueUnlitSpriteMaterial.uasset" 564
"../../../TransmissionLost/Content/2DSideScroller/Textures/2DBackground.uasset" 565
"../../../TransmissionLost/Content/2DSideScroller/Sprites/Background_Sprite.uasset" 566
"../../../TransmissionLost/Content/2DSideScroller/Textures/2DBackgroundBlockAtlas.uasset" 567
"../../../TransmissionLost/Content/2DSideScroller/Sprites/Ledge.uasset" 568
"../../../TransmissionLost/Content/2DSideScrollerBP/Maps/2DSideScrollerExampleMap.umap" 569
"../../../TransmissionLost/Content/2DSideScrollerBP/Maps/Level1_BuiltData.uasset" 570
"../../../TransmissionLost/Content/2DSideScrollerBP/source/Alienworld_platform_bottom_center.uasset" 571
"../../../TransmissionLost/Content/2DSideScrollerBP/source/Alienworld_platform_bottom_down.uasset" 572
"../../../TransmissionLost/Content/2DSideScrollerBP/source/Alienworld_platform_bottom_left.uasset" 573
"../../../TransmissionLost/Content/2DSideScrollerBP/source/Alienworld_platform_bottom_right.uasset" 574
"../../../TransmissionLost/Content/2DSideScrollerBP/source/Alienworld_platform_bottom_up.uasset" 575
"../../../TransmissionLost/Content/2DSideScrollerBP/source/alienworld_platform_island.uasset" 576
"../../../TransmissionLost/Content/2DSideScrollerBP/source/Alienworld_platform_low_center.uasset" 577
"../../../TransmissionLost/Content/2DSideScrollerBP/source/Alienworld_platform_low_left.uasset" 578
"../../../TransmissionLost/Content/2DSideScrollerBP/source/Alienworld_platform_low_right.uasset" 579
"../../../TransmissionLost/Content/2DSideScrollerBP/source/Alienworld_platform_mid_center.uasset" 580
"../../../TransmissionLost/Content/2DSideScrollerBP/source/Alienworld_platform_mid_down.uasset" 581
"../../../TransmissionLost/Content/2DSideScrollerBP/source/Alienworld_platform_mid_left.uasset" 582
"../../../TransmissionLost/Content/2DSideScrollerBP/source/Alienworld_platform_mid_right.uasset" 583
"../../../TransmissionLost/Content/2DSideScrollerBP/source/Alienworld_platform_mid_top_tree1.uasset" 584
"../../../TransmissionLost/Content/2DSideScrollerBP/source/Alienworld_platform_mid_top_tree2.uasset" 585
"../../../TransmissionLost/Content/2DSideScrollerBP/source/Alienworld_platform_mid_up.uasset" 586
"../../../TransmissionLost/Content/2DSideScrollerBP/source/Alienworld_platform_top_center.uasset" 587
"../../../TransmissionLost/Content/2DSideScrollerBP/source/Alienworld_platform_top_left.uasset" 588
"../../../TransmissionLost/Content/2DSideScrollerBP/source/Alienworld_platform_top_right.uasset" 589
"../../../TransmissionLost/Content/2DSideScrollerBP/source/Alienworld_platform_tumor1.uasset" 590
"../../../TransmissionLost/Content/2DSideScrollerBP/source/alienworld_tileset_Sprite.uasset" 591
"../../../TransmissionLost/Content/2DSideScrollerBP/source/alienworld_tileset_Sprite3.uasset" 592
"../../../TransmissionLost/Content/2DSideScrollerBP/source/alienworld_tileset_Sprite5.uasset" 593
"../../../TransmissionLost/Content/2DSideScrollerBP/source/alienworld_tileset_timor2.uasset" 594
"../../../TransmissionLost/Content/2DSideScrollerBP/source/background_far_lvl1.uasset" 595
"../../../TransmissionLost/Content/2DSideScrollerBP/source/background_far_lvl1_Sprite.uasset" 596
"../../../TransmissionLost/Content/2DSideScrollerBP/source/light_bridge_tileset_Sprite_0.uasset" 597
"../../../TransmissionLost/Content/2DSideScrollerBP/source/light_bridge_tileset_Sprite_2.uasset" 598
"../../../TransmissionLost/Content/2DSideScrollerBP/source/light_bridge_tileset_Sprite_4.uasset" 599
"../../../TransmissionLost/Content/2DSideScrollerBP/Maps/Level1.umap" 600
"../../../TransmissionLost/Content/2DSideScrollerBP/source/Alienworld_platform_bridge_top_center.uasset" 601
"../../../TransmissionLost/Content/2DSideScrollerBP/source/Alienworld_platform_bridge_top_left.uasset" 602
"../../../TransmissionLost/Content/2DSideScrollerBP/source/Alienworld_platform_bridge_top_right.uasset" 603
"../../../TransmissionLost/Content/2DSideScrollerBP/source/Alienworld_platform_mid_top_bridge_bottom.uasset" 604
"../../../TransmissionLost/Content/2DSideScrollerBP/source/Alienworld_platform_top_down.uasset" 605
"../../../TransmissionLost/Content/2DSideScrollerBP/source/Alienworld_platform_top_up.uasset" 606
"../../../TransmissionLost/Content/2DSideScrollerBP/Maps/LevelX.umap" 607
"../../../TransmissionLost/Content/StarterContent/Blueprints/Assets/FogBrightnessLUT.uasset" 608
"../../../TransmissionLost/Content/StarterContent/Blueprints/Assets/SunlightColorLUT.uasset" 609
"../../../TransmissionLost/Content/StarterContent/Blueprints/Assets/M_LightStage_Arrows.uasset" 610
"../../../Engine/Content/MapTemplates/Sky/DaylightAmbientCubemap.uasset" 611
"../../../TransmissionLost/Content/StarterContent/Blueprints/Assets/M_LightStage_Skybox_Master.uasset" 612
"../../../TransmissionLost/Content/StarterContent/Blueprints/Assets/M_LightStage_Skybox_Black.uasset" 613
"../../../TransmissionLost/Content/StarterContent/Blueprints/Assets/M_LightStage_Skybox_HDRI.uasset" 614
"../../../Engine/Content/EditorMaterials/Thumbnails/SkySphereMaterial.uasset" 615
"../../../TransmissionLost/Content/StarterContent/Blueprints/Assets/Skybox.uasset" 616
"../../../TransmissionLost/Content/StarterContent/Blueprints/Assets/SM_Arrows.uasset" 617
"../../../TransmissionLost/Content/StarterContent/HDRI/HDRI_Epic_Courtyard_Daylight.uasset" 618
"../../../TransmissionLost/Content/StarterContent/Blueprints/BP_LightStudio.uasset" 619
"../../../TransmissionLost/Content/StarterContent/Maps/Advanced_Lighting_BuiltData.uasset" 620
"../../../TransmissionLost/Content/StarterContent/Materials/M_AssetPlatform.uasset" 621
"../../../Engine/Content/EditorMeshes/ColorCalibrator/M_ChromeBall.uasset" 622
"../../../Engine/Content/EditorMeshes/ColorCalibrator/M_ClearCoat.uasset" 623
"../../../Engine/Content/EditorMeshes/ColorCalibrator/M_ClearCoatBlack.uasset" 624
"../../../Engine/Content/EditorMeshes/ColorCalibrator/Color_checker.uasset" 625
"../../../Engine/Content/EditorMeshes/ColorCalibrator/M_ColorGrid.uasset" 626
"../../../Engine/Content/EditorMeshes/ColorCalibrator/M_GreyBall.uasset" 627
"../../../Engine/Content/EditorMeshes/ColorCalibrator/SM_ColorCalibrator.uasset" 628
"../../../TransmissionLost/Content/StarterContent/Architecture/SM_AssetPlatform.uasset" 629
"../../../TransmissionLost/Content/StarterContent/Maps/Advanced_Lighting.umap" 630
"../../../Engine/Content/EngineSky/C_Sky_Cloud_Color.uasset" 631
"../../../Engine/Content/EngineSky/C_Sky_Horizon_Color.uasset" 632
"../../../Engine/Content/EngineSky/C_Sky_Zenith_Color.uasset" 633
"../../../Engine/Content/EngineSky/T_Sky_Blue.uasset" 634
"../../../Engine/Content/EngineSky/T_Sky_Clouds_M.uasset" 635
"../../../Engine/Content/EngineSky/T_Sky_Stars.uasset" 636
"../../../Engine/Content/EngineSky/M_Sky_Panning_Clouds2.uasset" 637
"../../../Engine/Content/EngineSky/SM_SkySphere.uasset" 638
"../../../Engine/Content/EngineSky/BP_Sky_Sphere.uasset" 639
"../../../TransmissionLost/Content/StarterContent/Maps/Minimal_Default_BuiltData.uasset" 640
"../../../TransmissionLost/Content/StarterContent/Textures/T_MacroVariation.uasset" 641
"../../../TransmissionLost/Content/StarterContent/Materials/M_Metal_Brushed_Nickel.uasset" 642
"../../../TransmissionLost/Content/StarterContent/Textures/T_Metal_Aluminum_D.uasset" 643
"../../../TransmissionLost/Content/StarterContent/Textures/T_Metal_Gold_N.uasset" 644
"../../../TransmissionLost/Content/StarterContent/Materials/M_Metal_Burnished_Steel.uasset" 645
"../../../TransmissionLost/Content/StarterContent/Textures/T_Metal_Copper_D.uasset" 646
"../../../TransmissionLost/Content/StarterContent/Materials/M_Metal_Copper.uasset" 647
"../../../TransmissionLost/Content/StarterContent/Textures/T_Statue_M.uasset" 648
"../../../TransmissionLost/Content/StarterContent/Textures/T_Statue_N.uasset" 649
"../../../TransmissionLost/Content/StarterContent/Props/Materials/M_StatueGlass.uasset" 650
"../../../TransmissionLost/Content/StarterContent/Architecture/Floor_400x400.uasset" 651
"../../../TransmissionLost/Content/StarterContent/Audio/Starter_Background_Cue.uasset" 652
"../../../TransmissionLost/Content/StarterContent/Props/SM_Chair.uasset" 653
"../../../TransmissionLost/Content/StarterContent/Props/Materials/M_Statue.uasset" 654
"../../../TransmissionLost/Content/StarterContent/Props/SM_Statue.uasset" 655
"../../../TransmissionLost/Content/StarterContent/Textures/T_TableRound_M.uasset" 656
"../../../TransmissionLost/Content/StarterContent/Textures/T_TableRound_N.uasset" 657
"../../../TransmissionLost/Content/StarterContent/Props/Materials/M_TableRound.uasset" 658
"../../../TransmissionLost/Content/StarterContent/Props/SM_TableRound.uasset" 659
"../../../TransmissionLost/Content/StarterContent/Maps/Minimal_Default.umap" 660
"../../../TransmissionLost/Content/StarterContent/Audio/Fire01_Cue.uasset" 661
"../../../TransmissionLost/Content/StarterContent/Textures/T_Fire_SubUV.uasset" 662
"../../../TransmissionLost/Content/StarterContent/Textures/T_Fire_Tiled_D.uasset" 663
"../../../TransmissionLost/Content/StarterContent/Particles/Materials/M_Fire_SubUV.uasset" 664
"../../../TransmissionLost/Content/StarterContent/Textures/T_Water_N.uasset" 665
"../../../TransmissionLost/Content/StarterContent/Particles/Materials/M_Heat_Distortion.uasset" 666
"../../../TransmissionLost/Content/StarterContent/Particles/Materials/M_Radial_Gradient.uasset" 667
"../../../TransmissionLost/Content/StarterContent/Particles/P_Fire.uasset" 668
"../../../TransmissionLost/Content/StarterContent/Blueprints/Blueprint_Effect_Fire.uasset" 669
"../../../TransmissionLost/Content/StarterContent/Audio/Smoke01_Cue.uasset" 670
"../../../TransmissionLost/Content/StarterContent/Particles/P_Smoke.uasset" 671
"../../../TransmissionLost/Content/StarterContent/Blueprints/Blueprint_Effect_Smoke.uasset" 672
"../../../TransmissionLost/Content/StarterContent/Audio/Fire_Sparks01_Cue.uasset" 673
"../../../TransmissionLost/Content/StarterContent/Textures/T_Spark_Core.uasset" 674
"../../../TransmissionLost/Content/StarterContent/Particles/Materials/M_Spark.uasset" 675
"../../../TransmissionLost/Content/StarterContent/Particles/P_Sparks.uasset" 676
"../../../TransmissionLost/Content/StarterContent/Blueprints/Blueprint_Effect_Sparks.uasset" 677
"../../../TransmissionLost/Content/StarterContent/Audio/Steam01_Cue.uasset" 678
"../../../TransmissionLost/Content/StarterContent/Particles/P_Steam_Lit.uasset" 679
"../../../TransmissionLost/Content/StarterContent/Blueprints/Blueprint_Effect_Steam.uasset" 680
"../../../TransmissionLost/Content/StarterContent/Textures/T_Lamp_M.uasset" 681
"../../../TransmissionLost/Content/StarterContent/Textures/T_Lamp_N.uasset" 682
"../../../TransmissionLost/Content/StarterContent/Props/Materials/M_Lamp.uasset" 683
"../../../TransmissionLost/Content/StarterContent/Props/SM_Lamp_Ceiling.uasset" 684
"../../../TransmissionLost/Content/StarterContent/Blueprints/Blueprint_CeilingLight.uasset" 685
"../../../TransmissionLost/Content/StarterContent/Props/SM_Lamp_Wall.uasset" 686
"../../../TransmissionLost/Content/StarterContent/Blueprints/Blueprint_WallSconce.uasset" 687
"../../../TransmissionLost/Content/StarterContent/Maps/StarterMap_BuiltData.uasset" 688
"../../../Engine/Content/Functions/Engine_MaterialFunctions03/Procedurals/ComputeFilterWidth.uasset" 689
"../../../Engine/Content/EngineMaterials/AntiAliasedTextMaterialTranslucent.uasset" 690
"../../../TransmissionLost/Content/StarterContent/Textures/T_Brick_Clay_Beveled_D.uasset" 691
"../../../TransmissionLost/Content/StarterContent/Textures/T_Brick_Clay_Beveled_M.uasset" 692
"../../../TransmissionLost/Content/StarterContent/Textures/T_Brick_Clay_Beveled_N.uasset" 693
"../../../TransmissionLost/Content/StarterContent/Materials/M_Brick_Clay_Beveled.uasset" 694
"../../../TransmissionLost/Content/StarterContent/Textures/T_Brick_Clay_New_D.uasset" 695
"../../../TransmissionLost/Content/StarterContent/Textures/T_Brick_Clay_New_M.uasset" 696
"../../../TransmissionLost/Content/StarterContent/Textures/T_Brick_Clay_New_N.uasset" 697
"../../../TransmissionLost/Content/StarterContent/Materials/M_Brick_Clay_New.uasset" 698
"../../../TransmissionLost/Content/StarterContent/Textures/T_Brick_Clay_Old_D.uasset" 699
"../../../TransmissionLost/Content/StarterContent/Textures/T_Brick_Clay_Old_N.uasset" 700
"../../../TransmissionLost/Content/StarterContent/Textures/T_Perlin_Noise_M.uasset" 701
"../../../TransmissionLost/Content/StarterContent/Materials/M_Brick_Clay_Old.uasset" 702
"../../../TransmissionLost/Content/StarterContent/Textures/T_Brick_Cut_Stone_D.uasset" 703
"../../../TransmissionLost/Content/StarterContent/Textures/T_Brick_Cut_Stone_N.uasset" 704
"../../../TransmissionLost/Content/StarterContent/Materials/M_Brick_Cut_Stone.uasset" 705
"../../../TransmissionLost/Content/StarterContent/Textures/T_Brick_Hewn_Stone_D.uasset" 706
"../../../TransmissionLost/Content/StarterContent/Textures/T_Brick_Hewn_Stone_M.uasset" 707
"../../../TransmissionLost/Content/StarterContent/Textures/T_Brick_Hewn_Stone_N.uasset" 708
"../../../TransmissionLost/Content/StarterContent/Materials/M_Brick_Hewn_Stone.uasset" 709
"../../../TransmissionLost/Content/StarterContent/Textures/T_Ceramic_Tile_M.uasset" 710
"../../../TransmissionLost/Content/StarterContent/Textures/T_Ceramic_Tile_N.uasset" 711
"../../../TransmissionLost/Content/StarterContent/Textures/T_Rock_Marble_Polished_D.uasset" 712
"../../../TransmissionLost/Content/StarterContent/Materials/M_Ceramic_Tile_Checker.uasset" 713
"../../../TransmissionLost/Content/StarterContent/Textures/T_CobbleStone_Pebble_D.uasset" 714
"../../../TransmissionLost/Content/StarterContent/Textures/T_CobbleStone_Pebble_M.uasset" 715
"../../../TransmissionLost/Content/StarterContent/Textures/T_CobbleStone_Pebble_N.uasset" 716
"../../../TransmissionLost/Content/StarterContent/Materials/M_CobbleStone_Pebble.uasset" 717
"../../../TransmissionLost/Content/StarterContent/Textures/T_CobbleStone_Rough_D.uasset" 718
"../../../TransmissionLost/Content/StarterContent/Textures/T_CobbleStone_Rough_N.uasset" 719
"../../../TransmissionLost/Content/StarterContent/Textures/T_Gradinet_01.uasset" 720
"../../../TransmissionLost/Content/StarterContent/Textures/T_Rock_Smooth_Granite_D.uasset" 721
"../../../TransmissionLost/Content/StarterContent/Materials/M_CobbleStone_Rough.uasset" 722
"../../../TransmissionLost/Content/StarterContent/Textures/T_CobbleStone_Smooth_D.uasset" 723
"../../../TransmissionLost/Content/StarterContent/Textures/T_CobbleStone_Smooth_M.uasset" 724
"../../../TransmissionLost/Content/StarterContent/Textures/T_CobbleStone_Smooth_N.uasset" 725
"../../../TransmissionLost/Content/StarterContent/Materials/M_CobbleStone_Smooth.uasset" 726
"../../../TransmissionLost/Content/StarterContent/Textures/T_Concrete_Grime_D.uasset" 727
"../../../TransmissionLost/Content/StarterContent/Textures/T_Metal_Rust_N.uasset" 728
"../../../TransmissionLost/Content/StarterContent/Materials/M_Concrete_Grime.uasset" 729
"../../../TransmissionLost/Content/StarterContent/Textures/T_Concrete_Panels_D.uasset" 730
"../../../TransmissionLost/Content/StarterContent/Textures/T_Concrete_Panels_N.uasset" 731
"../../../TransmissionLost/Content/StarterContent/Materials/M_Concrete_Panels.uasset" 732
"../../../TransmissionLost/Content/StarterContent/Textures/T_Concrete_Poured_D.uasset" 733
"../../../TransmissionLost/Content/StarterContent/Textures/T_Concrete_Poured_N.uasset" 734
"../../../TransmissionLost/Content/StarterContent/Materials/M_Concrete_Poured.uasset" 735
"../../../TransmissionLost/Content/StarterContent/Textures/T_Concrete_Tiles_D.uasset" 736
"../../../TransmissionLost/Content/StarterContent/Textures/T_Concrete_Tiles_M.uasset" 737
"../../../TransmissionLost/Content/StarterContent/Textures/T_Concrete_Tiles_N.uasset" 738
"../../../TransmissionLost/Content/StarterContent/Textures/T_Concrete_Tiles_Variation_M.uasset" 739
"../../../TransmissionLost/Content/StarterContent/Materials/M_Concrete_Tiles.uasset" 740
"../../../TransmissionLost/Content/StarterContent/Textures/T_Ground_Grass_D.uasset" 741
"../../../TransmissionLost/Content/StarterContent/Textures/T_Ground_Grass_N.uasset" 742
"../../../TransmissionLost/Content/StarterContent/Materials/M_Ground_Grass.uasset" 743
"../../../TransmissionLost/Content/StarterContent/Textures/T_Ground_Gravel_D.uasset" 744
"../../../TransmissionLost/Content/StarterContent/Textures/T_Ground_Gravel_N.uasset" 745
"../../../TransmissionLost/Content/StarterContent/Materials/M_Ground_Gravel.uasset" 746
"../../../TransmissionLost/Content/StarterContent/Textures/T_ground_Moss_D.uasset" 747
"../../../TransmissionLost/Content/StarterContent/Textures/T_Ground_Moss_N.uasset" 748
"../../../TransmissionLost/Content/StarterContent/Materials/M_Ground_Moss.uasset" 749
"../../../TransmissionLost/Content/StarterContent/Materials/M_Metal_Chrome.uasset" 750
"../../../TransmissionLost/Content/StarterContent/Textures/T_Metal_Gold_D.uasset" 751
"../../../TransmissionLost/Content/StarterContent/Materials/M_Metal_Gold.uasset" 752
"../../../TransmissionLost/Content/StarterContent/Textures/T_Metal_Rust_D.uasset" 753
"../../../TransmissionLost/Content/StarterContent/Materials/M_Metal_Rust.uasset" 754
"../../../TransmissionLost/Content/StarterContent/Textures/T_Metal_Steel_D.uasset" 755
"../../../TransmissionLost/Content/StarterContent/Textures/T_Metal_Steel_N.uasset" 756
"../../../TransmissionLost/Content/StarterContent/Materials/M_Metal_Steel.uasset" 757
"../../../TransmissionLost/Content/StarterContent/Textures/T_Rock_Basalt_N.uasset" 758
"../../../TransmissionLost/Content/StarterContent/Materials/M_Rock_Basalt.uasset" 759
"../../../TransmissionLost/Content/StarterContent/Materials/M_Rock_Marble_Polished.uasset" 760
"../../../TransmissionLost/Content/StarterContent/Textures/T_Rock_Sandstone_D.uasset" 761
"../../../TransmissionLost/Content/StarterContent/Textures/T_Rock_Sandstone_N.uasset" 762
"../../../TransmissionLost/Content/StarterContent/Materials/M_Rock_Sandstone.uasset" 763
"../../../TransmissionLost/Content/StarterContent/Textures/T_Rock_Slate_D.uasset" 764
"../../../TransmissionLost/Content/StarterContent/Textures/T_Rock_Slate_N.uasset" 765
"../../../TransmissionLost/Content/StarterContent/Materials/M_Rock_Slate.uasset" 766
"../../../TransmissionLost/Content/StarterContent/Textures/T_Checker_Noise_M.uasset" 767
"../../../TransmissionLost/Content/StarterContent/Textures/T_Single_Tile_N.uasset" 768
"../../../TransmissionLost/Content/StarterContent/Textures/T_Tech_Dot_M.uasset" 769
"../../../TransmissionLost/Content/StarterContent/Textures/T_Tech_Dot_N.uasset" 770
"../../../TransmissionLost/Content/StarterContent/Materials/M_Tech_Checker_Dot.uasset" 771
"../../../TransmissionLost/Content/StarterContent/Textures/T_Tech_Hex_Tile_M.uasset" 772
"../../../TransmissionLost/Content/StarterContent/Textures/T_Tech_Hex_Tile_N.uasset" 773
"../../../TransmissionLost/Content/StarterContent/Materials/M_Tech_Hex_Tile.uasset" 774
"../../../TransmissionLost/Content/StarterContent/Materials/M_Tech_Hex_Tile_Pulse.uasset" 775
"../../../TransmissionLost/Content/StarterContent/Textures/T_Tech_Panel_M.uasset" 776
"../../../TransmissionLost/Content/StarterContent/Textures/T_Tech_Panel_N.uasset" 777
"../../../TransmissionLost/Content/StarterContent/Materials/M_Tech_Panel.uasset" 778
"../../../TransmissionLost/Content/StarterContent/Materials/M_Water_Lake.uasset" 779
"../../../TransmissionLost/Content/StarterContent/Textures/T_Water_M.uasset" 780
"../../../TransmissionLost/Content/StarterContent/Materials/M_Water_Ocean.uasset" 781
"../../../TransmissionLost/Content/StarterContent/Textures/T_Wood_Floor_Walnut_D.uasset" 782
"../../../TransmissionLost/Content/StarterContent/Textures/T_Wood_Floor_Walnut_M.uasset" 783
"../../../TransmissionLost/Content/StarterContent/Textures/T_Wood_Floor_Walnut_N.uasset" 784
"../../../TransmissionLost/Content/StarterContent/Materials/M_Wood_Floor_Walnut_Polished.uasset" 785
"../../../Engine/Content/Functions/Engine_MaterialFunctions01/Opacity/AlphaOffset.uasset" 786
"../../../TransmissionLost/Content/StarterContent/Materials/M_Wood_Floor_Walnut_Worn.uasset" 787
"../../../TransmissionLost/Content/StarterContent/Textures/T_Wood_Oak_D.uasset" 788
"../../../TransmissionLost/Content/StarterContent/Textures/T_Wood_Oak_N.uasset" 789
"../../../TransmissionLost/Content/StarterContent/Materials/M_Wood_Oak.uasset" 790
"../../../TransmissionLost/Content/StarterContent/Textures/T_Wood_Pine_D.uasset" 791
"../../../TransmissionLost/Content/StarterContent/Textures/T_Wood_Pine_N.uasset" 792
"../../../TransmissionLost/Content/StarterContent/Materials/M_Wood_Pine.uasset" 793
"../../../TransmissionLost/Content/StarterContent/Textures/T_Wood_Walnut_D.uasset" 794
"../../../TransmissionLost/Content/StarterContent/Textures/T_Wood_Walnut_N.uasset" 795
"../../../TransmissionLost/Content/StarterContent/Materials/M_Wood_Walnut.uasset" 796
"../../../TransmissionLost/Content/StarterContent/Architecture/Wall_400x200.uasset" 797
"../../../TransmissionLost/Content/StarterContent/Architecture/Wall_Door_400x300.uasset" 798
"../../../TransmissionLost/Content/StarterContent/Architecture/Wall_Window_400x300.uasset" 799
"../../../TransmissionLost/Content/StarterContent/Audio/Collapse_Cue.uasset" 800
"../../../TransmissionLost/Content/StarterContent/Audio/Starter_Music_Cue.uasset" 801
"../../../TransmissionLost/Content/StarterContent/Textures/T_Dust_Particle_D.uasset" 802
"../../../TransmissionLost/Content/StarterContent/Particles/Materials/M_Dust_Particle.uasset" 803
"../../../TransmissionLost/Content/StarterContent/Particles/P_Ambient_Dust.uasset" 804
"../../../TransmissionLost/Content/StarterContent/Props/MaterialSphere.uasset" 805
"../../../TransmissionLost/Content/StarterContent/Textures/T_Frame_M.uasset" 806
"../../../TransmissionLost/Content/StarterContent/Textures/T_Frame_N.uasset" 807
"../../../TransmissionLost/Content/StarterContent/Props/Materials/M_Frame.uasset" 808
"../../../TransmissionLost/Content/StarterContent/Props/SM_CornerFrame.uasset" 809
"../../../TransmissionLost/Content/StarterContent/Props/SM_DoorFrame.uasset" 810
"../../../TransmissionLost/Content/StarterContent/Props/SM_GlassWindow.uasset" 811
"../../../TransmissionLost/Content/StarterContent/Props/SM_PillarFrame.uasset" 812
"../../../TransmissionLost/Content/StarterContent/Props/SM_PillarFrame300.uasset" 813
"../../../TransmissionLost/Content/StarterContent/Props/SM_WindowFrame.uasset" 814
"../../../TransmissionLost/Content/StarterContent/Shapes/Shape_Cube.uasset" 815
"../../../TransmissionLost/Content/StarterContent/Shapes/Shape_QuadPyramid.uasset" 816
"../../../TransmissionLost/Content/StarterContent/Shapes/Shape_Sphere.uasset" 817
"../../../TransmissionLost/Content/StarterContent/Maps/StarterMap.umap" 818
"../../../Engine/Content/Maps/Entry.umap" 819
